{
  "RSpec": {
    "coverage": {
      "/Users/mdcomputer/Turing/rp3mod/projects/snow_travel/snow_travel/config/environment.rb": [
        null,
        1,
        null,
        null,
        1
      ],
      "/Users/mdcomputer/Turing/rp3mod/projects/snow_travel/snow_travel/config/application.rb": [
        1,
        null,
        1,
        null,
        1,
        1,
        1,
        1,
        1,
        1,
        1,
        1,
        null,
        null,
        null,
        null,
        1,
        null,
        1,
        1,
        null,
        null,
        null,
        null,
        null
      ],
      "/Users/mdcomputer/Turing/rp3mod/projects/snow_travel/snow_travel/config/boot.rb": [
        1,
        null,
        1
      ],
      "/Users/mdcomputer/Turing/rp3mod/projects/snow_travel/snow_travel/config/environments/test.rb": [
        1,
        null,
        null,
        null,
        null,
        null,
        null,
        1,
        null,
        null,
        null,
        null,
        1,
        null,
        null,
        1,
        1,
        null,
        null,
        null,
        null,
        1,
        1,
        null,
        null,
        1,
        null,
        null,
        1,
        1,
        null,
        null,
        null,
        null,
        1,
        null,
        null,
        1,
        null,
        null,
        null,
        null
      ],
      "/Users/mdcomputer/Turing/rp3mod/projects/snow_travel/snow_travel/config/initializers/application_controller_renderer.rb": [
        null,
        null,
        null,
        null,
        null,
        null
      ],
      "/Users/mdcomputer/Turing/rp3mod/projects/snow_travel/snow_travel/config/initializers/assets.rb": [
        null,
        null,
        null,
        1,
        null,
        null,
        null,
        null,
        null,
        null,
        null
      ],
      "/Users/mdcomputer/Turing/rp3mod/projects/snow_travel/snow_travel/config/initializers/backtrace_silencers.rb": [
        null,
        null,
        null,
        null,
        null,
        null,
        null
      ],
      "/Users/mdcomputer/Turing/rp3mod/projects/snow_travel/snow_travel/config/initializers/cookies_serializer.rb": [
        null,
        null,
        null,
        null,
        1
      ],
      "/Users/mdcomputer/Turing/rp3mod/projects/snow_travel/snow_travel/config/initializers/filter_parameter_logging.rb": [
        null,
        null,
        null,
        1
      ],
      "/Users/mdcomputer/Turing/rp3mod/projects/snow_travel/snow_travel/config/initializers/inflections.rb": [
        null,
        null,
        null,
        null,
        null,
        null,
        null,
        null,
        null,
        null,
        null,
        null,
        null,
        null,
        null,
        null
      ],
      "/Users/mdcomputer/Turing/rp3mod/projects/snow_travel/snow_travel/config/initializers/mime_types.rb": [
        null,
        null,
        null,
        null
      ],
      "/Users/mdcomputer/Turing/rp3mod/projects/snow_travel/snow_travel/config/initializers/new_framework_defaults.rb": [
        null,
        null,
        null,
        null,
        null,
        null,
        null,
        1,
        null,
        null,
        1,
        null,
        null,
        null,
        1,
        null,
        null,
        1,
        null,
        null,
        1,
        null,
        null,
        1
      ],
      "/Users/mdcomputer/Turing/rp3mod/projects/snow_travel/snow_travel/config/initializers/omniauth.rb": [
        1,
        1,
        null,
        null,
        null,
        null,
        null,
        null,
        1,
        null
      ],
      "/Users/mdcomputer/Turing/rp3mod/projects/snow_travel/snow_travel/config/initializers/session_store.rb": [
        null,
        null,
        1
      ],
      "/Users/mdcomputer/Turing/rp3mod/projects/snow_travel/snow_travel/config/initializers/wrap_parameters.rb": [
        null,
        null,
        null,
        null,
        null,
        null,
        1,
        2,
        null,
        null,
        null,
        null,
        null,
        null
      ],
      "/Users/mdcomputer/Turing/rp3mod/projects/snow_travel/snow_travel/config/routes.rb": [
        1,
        1,
        1,
        1,
        1,
        1,
        1,
        null
      ],
      "/Users/mdcomputer/Turing/rp3mod/projects/snow_travel/snow_travel/app/helpers/application_helper.rb": [
        1,
        null
      ],
      "/Users/mdcomputer/Turing/rp3mod/projects/snow_travel/snow_travel/app/models/mountain.rb": [
        1,
        1,
        1,
        1,
        1,
        1,
        null,
        1,
        null,
        null,
        1,
        null,
        3,
        1,
        null,
        null,
        null,
        null
      ],
      "/Users/mdcomputer/Turing/rp3mod/projects/snow_travel/snow_travel/app/models/application_record.rb": [
        1,
        1,
        null
      ],
      "/Users/mdcomputer/Turing/rp3mod/projects/snow_travel/snow_travel/app/models/state.rb": [
        1,
        1,
        1,
        null,
        1,
        null,
        1,
        0,
        null,
        null
      ],
      "/Users/mdcomputer/Turing/rp3mod/projects/snow_travel/snow_travel/app/models/user.rb": [
        1,
        null,
        1,
        3,
        3,
        3,
        3,
        3,
        3,
        3,
        3,
        null,
        null,
        null,
        null
      ],
      "/Users/mdcomputer/Turing/rp3mod/projects/snow_travel/snow_travel/app/controllers/home_controller.rb": [
        1,
        1,
        null,
        null,
        null
      ],
      "/Users/mdcomputer/Turing/rp3mod/projects/snow_travel/snow_travel/app/controllers/application_controller.rb": [
        1,
        1,
        null,
        1,
        null,
        null,
        1,
        9,
        null,
        null,
        1,
        2,
        null,
        null,
        null
      ],
      "/Users/mdcomputer/Turing/rp3mod/projects/snow_travel/snow_travel/app/controllers/sessions_controller.rb": [
        1,
        null,
        1,
        2,
        2,
        2,
        null,
        0,
        null,
        null,
        null,
        1,
        1,
        1,
        null,
        null
      ],
      "/Users/mdcomputer/Turing/rp3mod/projects/snow_travel/snow_travel/app/controllers/dashboard_controller.rb": [
        1,
        1,
        null,
        1,
        null,
        null,
        null
      ],
      "/Users/mdcomputer/Turing/rp3mod/projects/snow_travel/snow_travel/app/models/forecast.rb": [
        1,
        null,
        1,
        null,
        1,
        162,
        162,
        162,
        162,
        162,
        162,
        162,
        162,
        162,
        null,
        null,
        1,
        4,
        4,
        64,
        null,
        null,
        null,
        1,
        162,
        null,
        null,
        1,
        162,
        null,
        null,
        1,
        162,
        null,
        null,
        1,
        162,
        162,
        null,
        null,
        1,
        null,
        null,
        null
      ],
      "/Users/mdcomputer/Turing/rp3mod/projects/snow_travel/snow_travel/app/models/temp.rb": [
        1,
        1,
        null,
        1,
        163,
        163,
        163,
        163,
        null,
        null
      ],
      "/Users/mdcomputer/Turing/rp3mod/projects/snow_travel/snow_travel/app/models/weather.rb": [
        1,
        1,
        null,
        1,
        163,
        163,
        163,
        163,
        null,
        null,
        null
      ],
      "/Users/mdcomputer/Turing/rp3mod/projects/snow_travel/snow_travel/app/models/direction.rb": [
        1,
        null,
        1,
        166,
        166,
        164,
        164,
        164,
        160,
        158,
        155,
        154,
        154,
        150,
        149,
        144,
        37,
        16,
        4,
        3,
        null,
        null
      ],
      "/Users/mdcomputer/Turing/rp3mod/projects/snow_travel/snow_travel/app/models/days.rb": [
        1,
        1,
        1,
        16,
        null,
        1,
        null,
        null,
        1,
        1,
        16,
        null,
        1,
        null,
        null,
        1,
        1,
        16,
        null,
        1,
        null,
        null
      ],
      "/Users/mdcomputer/Turing/rp3mod/projects/snow_travel/snow_travel/app/services/open_weather.rb": [
        1,
        null,
        1,
        5,
        5,
        5,
        5,
        null,
        null,
        1,
        5,
        null,
        null,
        1,
        5,
        5,
        5,
        5,
        5,
        5,
        null,
        null,
        null
      ],
      "/Users/mdcomputer/Turing/rp3mod/projects/snow_travel/snow_travel/app/models/total.rb": [
        1,
        1,
        null,
        6,
        2,
        null,
        null,
        1,
        null,
        3,
        1,
        null,
        null,
        1,
        null,
        3,
        1,
        null,
        null,
        1,
        1,
        1,
        null,
        null,
        1,
        1,
        1,
        6,
        null,
        4,
        null,
        null,
        1,
        1,
        7,
        null,
        null,
        null,
        1,
        1,
        4,
        null,
        null,
        null,
        1,
        null,
        3,
        1,
        null,
        null,
        1,
        null,
        3,
        1,
        null,
        null,
        1,
        1,
        1,
        3,
        null,
        1,
        null,
        null,
        1,
        null,
        3,
        1,
        null,
        null,
        1,
        null,
        3,
        1,
        null,
        null,
        1,
        1,
        1,
        3,
        null,
        1,
        null,
        null,
        1,
        1,
        1,
        3,
        null,
        3,
        null,
        null
      ]
    },
    "timestamp": 1484247262
  }
}
